<?xml version="1.0" encoding="UTF-8"?>
<!-- Generated by org.testng.reporters.JUnitReportReporter -->
<testsuite skipped="0" hostname="LAPTOP-CQGRI548" name="mvnpkg.AmazonPr" tests="5" failures="0" timestamp="10 Jan 2021 08:59:56 GMT" time="110.624" errors="0">
  <testcase name="launchSite" time="12.899" classname="mvnpkg.AmazonPr"/>
  <testcase name="newTabs" time="12.705" classname="mvnpkg.AmazonPr"/>
  <testcase name="login" time="64.072" classname="mvnpkg.AmazonPr"/>
  <testcase name="search" time="14.390" classname="mvnpkg.AmazonPr"/>
  <testcase name="selectp" time="6.558" classname="mvnpkg.AmazonPr"/>
</testsuite> <!-- mvnpkg.AmazonPr -->
